Hello World
Fri Nov 28 16:05:48 2025       
+-----------------------------------------------------------------------------------------+
| NVIDIA-SMI 580.65.06              Driver Version: 580.65.06      CUDA Version: 13.0     |
+-----------------------------------------+------------------------+----------------------+
| GPU  Name                 Persistence-M | Bus-Id          Disp.A | Volatile Uncorr. ECC |
| Fan  Temp   Perf          Pwr:Usage/Cap |           Memory-Usage | GPU-Util  Compute M. |
|                                         |                        |               MIG M. |
|=========================================+========================+======================|
|   0  NVIDIA H100 80GB HBM3          On  |   00000000:46:00.0 Off |                    0 |
| N/A   24C    P0             68W /  700W |       0MiB /  81559MiB |      0%      Default |
|                                         |                        |             Disabled |
+-----------------------------------------+------------------------+----------------------+

+-----------------------------------------------------------------------------------------+
| Processes:                                                                              |
|  GPU   GI   CI              PID   Type   Process name                        GPU Memory |
|        ID   ID                                                               Usage      |
|=========================================================================================|
|  No running processes found                                                             |
+-----------------------------------------------------------------------------------------+
TensorBoard started
Node name: fc10403
TensorBoard URL: http://fc10403:6006
To access TensorBoard, run this on your local machine:
ssh -N -L 6006:fc10403:6006 mridul01@<cluster>.computecanada.ca
Then open http://localhost:6006 in your browser
Warning: Missing validation files for 2022-09
Warning: Missing validation files for 2022-10
Warning: Missing validation files for 2022-11
Warning: Missing validation files for 2022-12
Training files: 24 months
Validation files: 8 months

Starting training with gradient accumulation...
Accumulation steps: 22
History window: 2
Epoch 1 | Step 100 | Samples processed: 2200
Epoch 1/10 | Train Loss: 2.1399 | Val Loss: 0.7272 | 
  → New best model saved! (val_loss: 0.7272)
Epoch 2 | Step 200 | Samples processed: 1760
Epoch 2/10 | Train Loss: 0.5222 | Val Loss: 0.6218 | 
  → New best model saved! (val_loss: 0.6218)
Job finished on Sun Nov 30 12:46:21 PST 2025
